
> sb8tmp@0.0.0 build-storybook /Users/wdickerson/st/SB8
> storybook build "--output-dir" "/var/folders/5r/bqpzpz6d6v9dqxgk17f0rr3r0000gp/T/chromatic--11325-BGAPjo7x5s3B"

@storybook/cli v8.0.0-rc.2

info => Cleaning outputDir: ../../../../var/folders/5r/bqpzpz6d6v9dqxgk17f0rr3r0000gp/T/chromatic--11325-BGAPjo7x5s3B
info => Loading presets
info => Building manager..
info => Manager built (262 ms)
info => Building preview..
info Using tsconfig paths for react-docgen
vite v5.1.5 building for production...

./sb-common-assets/fonts.css doesn't exist at build time, it will remain unchanged to be resolved at runtime
transforming...
node_modules/.pnpm/telejson@7.2.0/node_modules/telejson/dist/index.mjs (1413:15) Use of eval in "node_modules/.pnpm/telejson@7.2.0/node_modules/telejson/dist/index.mjs" is strongly discouraged as it poses security risks and may cause issues with minification.
node_modules/.pnpm/telejson@7.2.0/node_modules/telejson/dist/index.mjs (1416:18) Use of eval in "node_modules/.pnpm/telejson@7.2.0/node_modules/telejson/dist/index.mjs" is strongly discouraged as it poses security risks and may cause issues with minification.
✓ 588 modules transformed.
rendering chunks...
computing gzip size...
../../../../var/folders/5r/bqpzpz6d6v9dqxgk17f0rr3r0000gp/T/chromatic--11325-BGAPjo7x5s3B/assets/context-C0qIqeS4.png                      6.12 kB
../../../../var/folders/5r/bqpzpz6d6v9dqxgk17f0rr3r0000gp/T/chromatic--11325-BGAPjo7x5s3B/assets/styling-Bk6zjRzU.png                      7.24 kB
../../../../var/folders/5r/bqpzpz6d6v9dqxgk17f0rr3r0000gp/T/chromatic--11325-BGAPjo7x5s3B/iframe.html                                     13.11 kB │ gzip:   3.63 kB
../../../../var/folders/5r/bqpzpz6d6v9dqxgk17f0rr3r0000gp/T/chromatic--11325-BGAPjo7x5s3B/assets/docs---vsFbMi.png                        27.88 kB
../../../../var/folders/5r/bqpzpz6d6v9dqxgk17f0rr3r0000gp/T/chromatic--11325-BGAPjo7x5s3B/assets/share-DGA-UcQf.png                       40.77 kB
../../../../var/folders/5r/bqpzpz6d6v9dqxgk17f0rr3r0000gp/T/chromatic--11325-BGAPjo7x5s3B/assets/accessibility-W_h2acOZ.png               42.34 kB
../../../../var/folders/5r/bqpzpz6d6v9dqxgk17f0rr3r0000gp/T/chromatic--11325-BGAPjo7x5s3B/assets/figma-plugin-CH2hELiO.png                44.25 kB
../../../../var/folders/5r/bqpzpz6d6v9dqxgk17f0rr3r0000gp/T/chromatic--11325-BGAPjo7x5s3B/assets/theming-D6WJLNoW.png                     44.37 kB
../../../../var/folders/5r/bqpzpz6d6v9dqxgk17f0rr3r0000gp/T/chromatic--11325-BGAPjo7x5s3B/assets/testing-cbzR9l9r.png                     49.31 kB
../../../../var/folders/5r/bqpzpz6d6v9dqxgk17f0rr3r0000gp/T/chromatic--11325-BGAPjo7x5s3B/assets/addon-library-BWUCAmyN.png              467.37 kB
../../../../var/folders/5r/bqpzpz6d6v9dqxgk17f0rr3r0000gp/T/chromatic--11325-BGAPjo7x5s3B/assets/Header-BjLH3naM.css                       0.51 kB │ gzip:   0.31 kB
../../../../var/folders/5r/bqpzpz6d6v9dqxgk17f0rr3r0000gp/T/chromatic--11325-BGAPjo7x5s3B/assets/Button-B31l_iHh.css                       0.52 kB │ gzip:   0.29 kB
../../../../var/folders/5r/bqpzpz6d6v9dqxgk17f0rr3r0000gp/T/chromatic--11325-BGAPjo7x5s3B/assets/Page-B9ntr4df.css                         0.93 kB │ gzip:   0.39 kB
../../../../var/folders/5r/bqpzpz6d6v9dqxgk17f0rr3r0000gp/T/chromatic--11325-BGAPjo7x5s3B/assets/preview-B4GcaC1c.js                       0.07 kB │ gzip:   0.08 kB
../../../../var/folders/5r/bqpzpz6d6v9dqxgk17f0rr3r0000gp/T/chromatic--11325-BGAPjo7x5s3B/assets/preview-CIRcjyVj.js                       0.11 kB │ gzip:   0.11 kB
../../../../var/folders/5r/bqpzpz6d6v9dqxgk17f0rr3r0000gp/T/chromatic--11325-BGAPjo7x5s3B/assets/WithTooltip-4IJ4T2ZO-BC1AM884.js          0.33 kB │ gzip:   0.20 kB
../../../../var/folders/5r/bqpzpz6d6v9dqxgk17f0rr3r0000gp/T/chromatic--11325-BGAPjo7x5s3B/assets/syntaxhighlighter-P2EQDVYX-BTI_skJL.js    0.37 kB │ gzip:   0.24 kB
../../../../var/folders/5r/bqpzpz6d6v9dqxgk17f0rr3r0000gp/T/chromatic--11325-BGAPjo7x5s3B/assets/index-z5U8iC57.js                         0.42 kB │ gzip:   0.28 kB
../../../../var/folders/5r/bqpzpz6d6v9dqxgk17f0rr3r0000gp/T/chromatic--11325-BGAPjo7x5s3B/assets/react-18-B-OKcmzb.js                      0.55 kB │ gzip:   0.34 kB
../../../../var/folders/5r/bqpzpz6d6v9dqxgk17f0rr3r0000gp/T/chromatic--11325-BGAPjo7x5s3B/assets/preview-B_0crF9I.js                       0.64 kB │ gzip:   0.44 kB
../../../../var/folders/5r/bqpzpz6d6v9dqxgk17f0rr3r0000gp/T/chromatic--11325-BGAPjo7x5s3B/assets/index-DrFu-skq.js                         0.77 kB │ gzip:   0.47 kB
../../../../var/folders/5r/bqpzpz6d6v9dqxgk17f0rr3r0000gp/T/chromatic--11325-BGAPjo7x5s3B/assets/Header.stories-CQrA6xch.js                0.80 kB │ gzip:   0.42 kB
../../../../var/folders/5r/bqpzpz6d6v9dqxgk17f0rr3r0000gp/T/chromatic--11325-BGAPjo7x5s3B/assets/preview-Cv3rAi2i.js                       0.86 kB │ gzip:   0.55 kB
../../../../var/folders/5r/bqpzpz6d6v9dqxgk17f0rr3r0000gp/T/chromatic--11325-BGAPjo7x5s3B/assets/jsx-runtime-DRTy3Uxn.js                   0.92 kB │ gzip:   0.58 kB
../../../../var/folders/5r/bqpzpz6d6v9dqxgk17f0rr3r0000gp/T/chromatic--11325-BGAPjo7x5s3B/assets/preview-CQQCRWky.js                       0.95 kB │ gzip:   0.57 kB
../../../../var/folders/5r/bqpzpz6d6v9dqxgk17f0rr3r0000gp/T/chromatic--11325-BGAPjo7x5s3B/assets/Button-Bu7KAVee.js                        1.23 kB │ gzip:   0.60 kB
../../../../var/folders/5r/bqpzpz6d6v9dqxgk17f0rr3r0000gp/T/chromatic--11325-BGAPjo7x5s3B/assets/entry-preview-kGuIN3g4.js                 1.26 kB │ gzip:   0.73 kB
../../../../var/folders/5r/bqpzpz6d6v9dqxgk17f0rr3r0000gp/T/chromatic--11325-BGAPjo7x5s3B/assets/DocsRenderer-56ZJCE2Q-DueDFRlx.js         1.35 kB │ gzip:   0.72 kB
../../../../var/folders/5r/bqpzpz6d6v9dqxgk17f0rr3r0000gp/T/chromatic--11325-BGAPjo7x5s3B/assets/Button.stories-DnmRmSoh.js                1.52 kB │ gzip:   0.57 kB
../../../../var/folders/5r/bqpzpz6d6v9dqxgk17f0rr3r0000gp/T/chromatic--11325-BGAPjo7x5s3B/assets/Header-CXalJU3L.js                        1.79 kB │ gzip:   0.78 kB
../../../../var/folders/5r/bqpzpz6d6v9dqxgk17f0rr3r0000gp/T/chromatic--11325-BGAPjo7x5s3B/assets/index-Bw8VTzHM.js                         2.59 kB │ gzip:   1.26 kB
../../../../var/folders/5r/bqpzpz6d6v9dqxgk17f0rr3r0000gp/T/chromatic--11325-BGAPjo7x5s3B/assets/preview-BcxrGG1y.js                       3.19 kB │ gzip:   1.37 kB
../../../../var/folders/5r/bqpzpz6d6v9dqxgk17f0rr3r0000gp/T/chromatic--11325-BGAPjo7x5s3B/assets/preview-D-qb49Cr.js                       3.40 kB │ gzip:   1.64 kB
../../../../var/folders/5r/bqpzpz6d6v9dqxgk17f0rr3r0000gp/T/chromatic--11325-BGAPjo7x5s3B/assets/Page.stories-CSwvCRDC.js                  3.59 kB │ gzip:   1.55 kB
../../../../var/folders/5r/bqpzpz6d6v9dqxgk17f0rr3r0000gp/T/chromatic--11325-BGAPjo7x5s3B/assets/iframe-CHxwphjq.js                        4.62 kB │ gzip:   1.78 kB
../../../../var/folders/5r/bqpzpz6d6v9dqxgk17f0rr3r0000gp/T/chromatic--11325-BGAPjo7x5s3B/assets/preview-BAz7FMXc.js                       7.62 kB │ gzip:   1.56 kB
../../../../var/folders/5r/bqpzpz6d6v9dqxgk17f0rr3r0000gp/T/chromatic--11325-BGAPjo7x5s3B/assets/index-BBkUAzwr.js                         7.80 kB │ gzip:   3.07 kB
../../../../var/folders/5r/bqpzpz6d6v9dqxgk17f0rr3r0000gp/T/chromatic--11325-BGAPjo7x5s3B/assets/preview-Db4Idchh.js                       8.11 kB │ gzip:   3.08 kB
../../../../var/folders/5r/bqpzpz6d6v9dqxgk17f0rr3r0000gp/T/chromatic--11325-BGAPjo7x5s3B/assets/Configure-_P4scI1E.js                    25.82 kB │ gzip:  10.96 kB
../../../../var/folders/5r/bqpzpz6d6v9dqxgk17f0rr3r0000gp/T/chromatic--11325-BGAPjo7x5s3B/assets/Color-RQJUDNI5-BZe8MyQP.js               30.92 kB │ gzip:  11.58 kB
../../../../var/folders/5r/bqpzpz6d6v9dqxgk17f0rr3r0000gp/T/chromatic--11325-BGAPjo7x5s3B/assets/index-DboEQVPH.js                        78.60 kB │ gzip:  23.45 kB
../../../../var/folders/5r/bqpzpz6d6v9dqxgk17f0rr3r0000gp/T/chromatic--11325-BGAPjo7x5s3B/assets/index-PqR-_bA4.js                       134.01 kB │ gzip:  43.17 kB
../../../../var/folders/5r/bqpzpz6d6v9dqxgk17f0rr3r0000gp/T/chromatic--11325-BGAPjo7x5s3B/assets/formatter-U44HIZBV-ng83QRaV.js          210.74 kB │ gzip:  70.28 kB
../../../../var/folders/5r/bqpzpz6d6v9dqxgk17f0rr3r0000gp/T/chromatic--11325-BGAPjo7x5s3B/assets/entry-preview-docs-D6143MNU.js          212.90 kB │ gzip:  66.16 kB
../../../../var/folders/5r/bqpzpz6d6v9dqxgk17f0rr3r0000gp/T/chromatic--11325-BGAPjo7x5s3B/assets/index-yl6XN6-i.js                       653.79 kB │ gzip: 200.58 kB
../../../../var/folders/5r/bqpzpz6d6v9dqxgk17f0rr3r0000gp/T/chromatic--11325-BGAPjo7x5s3B/assets/preview-C-Vb0Zm6.js                     693.24 kB │ gzip: 166.43 kB
../../../../var/folders/5r/bqpzpz6d6v9dqxgk17f0rr3r0000gp/T/chromatic--11325-BGAPjo7x5s3B/assets/index-DS52WiRc.js                       693.78 kB │ gzip: 166.67 kB

(!) Some chunks are larger than 500 kB after minification. Consider:
- Using dynamic import() to code-split the application
- Use build.rollupOptions.output.manualChunks to improve chunking: https://rollupjs.org/configuration-options/#output-manualchunks
- Adjust chunk size limit for this warning via build.chunkSizeWarningLimit.
✓ built in 8.80s
info => Preview built (9.58 s)
info => Output directory: /var/folders/5r/bqpzpz6d6v9dqxgk17f0rr3r0000gp/T/chromatic--11325-BGAPjo7x5s3B
